  Camera.cpp
C:\Users\CGIH10\Desktop\proyectoCGeIHCTeo06\Proyecto\Proyecto\Camera.h(3,10): fatal  error C1083: No se puede abrir el archivo incluir: 'glew.h': No such file or directory
  DirectionalLight.cpp
C:\Users\CGIH10\Desktop\proyectoCGeIHCTeo06\Proyecto\Proyecto\Light.h(3,10): fatal  error C1083: No se puede abrir el archivo incluir: 'glew.h': No such file or directory
  Light.cpp
C:\Users\CGIH10\Desktop\proyectoCGeIHCTeo06\Proyecto\Proyecto\Light.h(3,10): fatal  error C1083: No se puede abrir el archivo incluir: 'glew.h': No such file or directory
  Material.cpp
C:\Users\CGIH10\Desktop\proyectoCGeIHCTeo06\Proyecto\Proyecto\Material.h(3,10): fatal  error C1083: No se puede abrir el archivo incluir: 'glew.h': No such file or directory
  Mesh_tn.cpp
C:\Users\CGIH10\Desktop\proyectoCGeIHCTeo06\Proyecto\Proyecto\Mesh.h(3,10): fatal  error C1083: No se puede abrir el archivo incluir: 'glew.h': No such file or directory
  Model.cpp
C:\Users\CGIH10\Desktop\proyectoCGeIHCTeo06\Proyecto\Proyecto\Model.h(4,9): fatal  error C1083: No se puede abrir el archivo incluir: 'assimp/Importer.hpp': No such file or directory
  PointLight.cpp
C:\Users\CGIH10\Desktop\proyectoCGeIHCTeo06\Proyecto\Proyecto\Light.h(3,10): fatal  error C1083: No se puede abrir el archivo incluir: 'glew.h': No such file or directory
  practica7.cpp
C:\Users\CGIH10\Desktop\proyectoCGeIHCTeo06\Proyecto\Proyecto\practica7.cpp(14,10): fatal  error C1083: No se puede abrir el archivo incluir: 'glew.h': No such file or directory
  Shader_light.cpp
C:\Users\CGIH10\Desktop\proyectoCGeIHCTeo06\Proyecto\Proyecto\Shader_light.h(7,10): fatal  error C1083: No se puede abrir el archivo incluir: 'glew.h': No such file or directory
  Skybox.cpp
C:\Users\CGIH10\Desktop\proyectoCGeIHCTeo06\Proyecto\Proyecto\Skybox.h(6,9): fatal  error C1083: No se puede abrir el archivo incluir: 'glew.h': No such file or directory
  Sphere.cpp
C:\Users\CGIH10\Desktop\proyectoCGeIHCTeo06\Proyecto\Proyecto\definition.h(11,10): fatal  error C1083: No se puede abrir el archivo incluir: 'glm.hpp': No such file or directory
  SpotLight.cpp
C:\Users\CGIH10\Desktop\proyectoCGeIHCTeo06\Proyecto\Proyecto\Light.h(3,10): fatal  error C1083: No se puede abrir el archivo incluir: 'glew.h': No such file or directory
  Texture.cpp
C:\Users\CGIH10\Desktop\proyectoCGeIHCTeo06\Proyecto\Proyecto\Texture.h(2,9): fatal  error C1083: No se puede abrir el archivo incluir: 'glew.h': No such file or directory
  Window.cpp
C:\Users\CGIH10\Desktop\proyectoCGeIHCTeo06\Proyecto\Proyecto\Window.h(3,9): fatal  error C1083: No se puede abrir el archivo incluir: 'glew.h': No such file or directory
  Generando código...
